2025-03-31 09:32:22,341 [Worker-1: Loading available Gradle versions] INFO  o.e.b.c.i.u.g.PublishedGradleVersions - Gradle version information cache is not available. Remote download required.
2025-03-31 09:44:59,185 [Worker-1: Loading available Gradle versions] INFO  o.e.b.c.i.u.g.PublishedGradleVersions - Gradle version information cache is up-to-date. Trying to read.
2025-03-31 09:50:01,707 [Worker-5: Loading available Gradle versions] INFO  o.e.b.c.i.u.g.PublishedGradleVersions - Gradle version information cache is up-to-date. Trying to read.
2025-03-31 10:25:22,175 [Worker-5: Loading available Gradle versions] INFO  o.e.b.c.i.u.g.PublishedGradleVersions - Gradle version information cache is up-to-date. Trying to read.
2025-03-31 10:50:43,464 [Worker-1: Loading available Gradle versions] INFO  o.e.b.c.i.u.g.PublishedGradleVersions - Gradle version information cache is up-to-date. Trying to read.
2025-04-06 14:08:17,951 [Worker-5: Loading available Gradle versions] INFO  o.e.b.c.i.u.g.PublishedGradleVersions - Gradle version information cache is out-of-date. Trying to update.
2025-04-06 14:08:19,217 [Worker-5: Loading available Gradle versions] INFO  o.e.b.c.i.u.g.PublishedGradleVersions - Updating Gradle version information cache failed. Using outdated cache.
2025-04-06 20:53:55,370 [Worker-7: Loading available Gradle versions] INFO  o.e.b.c.i.u.g.PublishedGradleVersions - Gradle version information cache is out-of-date. Trying to update.
2025-04-06 22:48:41,416 [Worker-5: Loading available Gradle versions] INFO  o.e.b.c.i.u.g.PublishedGradleVersions - Gradle version information cache is up-to-date. Trying to read.
2025-04-07 00:57:39,241 [Worker-5: Loading available Gradle versions] INFO  o.e.b.c.i.u.g.PublishedGradleVersions - Gradle version information cache is up-to-date. Trying to read.
2025-04-07 01:25:00,594 [Worker-7: Loading available Gradle versions] INFO  o.e.b.c.i.u.g.PublishedGradleVersions - Gradle version information cache is up-to-date. Trying to read.
2025-04-07 01:31:42,218 [Worker-36: Launching New_configuration (2)] INFO  o.eclipse.m2e.core.internal.Bundles - getClasspathEntries(Bundle=org.eclipse.m2e.maven.runtime_3.9.900.20240824-1409 [300])
2025-04-07 01:31:42,223 [Worker-36: Launching New_configuration (2)] INFO  o.eclipse.m2e.core.internal.Bundles - 	Entry: C:\Users\zyra\.p2\pool\plugins\org.eclipse.m2e.maven.runtime_3.9.900.20240824-1409
2025-04-07 01:31:42,223 [Worker-36: Launching New_configuration (2)] INFO  o.eclipse.m2e.core.internal.Bundles - 	Entry: C:\Users\zyra\.p2\pool\plugins\org.eclipse.m2e.maven.runtime_3.9.900.20240824-1409\jars\aopalliance-1.0.jar
2025-04-07 01:31:42,223 [Worker-36: Launching New_configuration (2)] INFO  o.eclipse.m2e.core.internal.Bundles - 	Entry: C:\Users\zyra\.p2\pool\plugins\org.eclipse.m2e.maven.runtime_3.9.900.20240824-1409\jars\guice-5.1.0.jar
2025-04-07 01:31:42,223 [Worker-36: Launching New_configuration (2)] INFO  o.eclipse.m2e.core.internal.Bundles - 	Entry: C:\Users\zyra\.p2\pool\plugins\org.eclipse.m2e.maven.runtime_3.9.900.20240824-1409\jars\httpclient-4.5.14.jar
2025-04-07 01:31:42,224 [Worker-36: Launching New_configuration (2)] INFO  o.eclipse.m2e.core.internal.Bundles - 	Entry: C:\Users\zyra\.p2\pool\plugins\org.eclipse.m2e.maven.runtime_3.9.900.20240824-1409\jars\httpcore-4.4.16.jar
2025-04-07 01:31:42,224 [Worker-36: Launching New_configuration (2)] INFO  o.eclipse.m2e.core.internal.Bundles - 	Entry: C:\Users\zyra\.p2\pool\plugins\org.eclipse.m2e.maven.runtime_3.9.900.20240824-1409\jars\jansi-2.4.1.jar
2025-04-07 01:31:42,224 [Worker-36: Launching New_configuration (2)] INFO  o.eclipse.m2e.core.internal.Bundles - 	Entry: C:\Users\zyra\.p2\pool\plugins\org.eclipse.m2e.maven.runtime_3.9.900.20240824-1409\jars\jcl-over-slf4j-1.7.36.jar
2025-04-07 01:31:42,224 [Worker-36: Launching New_configuration (2)] INFO  o.eclipse.m2e.core.internal.Bundles - 	Entry: C:\Users\zyra\.p2\pool\plugins\org.eclipse.m2e.maven.runtime_3.9.900.20240824-1409\jars\maven-artifact-3.9.9.jar
2025-04-07 01:31:42,224 [Worker-36: Launching New_configuration (2)] INFO  o.eclipse.m2e.core.internal.Bundles - 	Entry: C:\Users\zyra\.p2\pool\plugins\org.eclipse.m2e.maven.runtime_3.9.900.20240824-1409\jars\maven-builder-support-3.9.9.jar
2025-04-07 01:31:42,224 [Worker-36: Launching New_configuration (2)] INFO  o.eclipse.m2e.core.internal.Bundles - 	Entry: C:\Users\zyra\.p2\pool\plugins\org.eclipse.m2e.maven.runtime_3.9.900.20240824-1409\jars\maven-compat-3.9.9.jar
2025-04-07 01:31:42,224 [Worker-36: Launching New_configuration (2)] INFO  o.eclipse.m2e.core.internal.Bundles - 	Entry: C:\Users\zyra\.p2\pool\plugins\org.eclipse.m2e.maven.runtime_3.9.900.20240824-1409\jars\maven-core-3.9.9.jar
2025-04-07 01:31:42,224 [Worker-36: Launching New_configuration (2)] INFO  o.eclipse.m2e.core.internal.Bundles - 	Entry: C:\Users\zyra\.p2\pool\plugins\org.eclipse.m2e.maven.runtime_3.9.900.20240824-1409\jars\maven-embedder-3.9.9.jar
2025-04-07 01:31:42,224 [Worker-36: Launching New_configuration (2)] INFO  o.eclipse.m2e.core.internal.Bundles - 	Entry: C:\Users\zyra\.p2\pool\plugins\org.eclipse.m2e.maven.runtime_3.9.900.20240824-1409\jars\maven-model-3.9.9.jar
2025-04-07 01:31:42,224 [Worker-36: Launching New_configuration (2)] INFO  o.eclipse.m2e.core.internal.Bundles - 	Entry: C:\Users\zyra\.p2\pool\plugins\org.eclipse.m2e.maven.runtime_3.9.900.20240824-1409\jars\maven-model-builder-3.9.9.jar
2025-04-07 01:31:42,224 [Worker-36: Launching New_configuration (2)] INFO  o.eclipse.m2e.core.internal.Bundles - 	Entry: C:\Users\zyra\.p2\pool\plugins\org.eclipse.m2e.maven.runtime_3.9.900.20240824-1409\jars\maven-plugin-api-3.9.9.jar
2025-04-07 01:31:42,224 [Worker-36: Launching New_configuration (2)] INFO  o.eclipse.m2e.core.internal.Bundles - 	Entry: C:\Users\zyra\.p2\pool\plugins\org.eclipse.m2e.maven.runtime_3.9.900.20240824-1409\jars\maven-repository-metadata-3.9.9.jar
2025-04-07 01:31:42,224 [Worker-36: Launching New_configuration (2)] INFO  o.eclipse.m2e.core.internal.Bundles - 	Entry: C:\Users\zyra\.p2\pool\plugins\org.eclipse.m2e.maven.runtime_3.9.900.20240824-1409\jars\maven-resolver-api-1.9.22.jar
2025-04-07 01:31:42,224 [Worker-36: Launching New_configuration (2)] INFO  o.eclipse.m2e.core.internal.Bundles - 	Entry: C:\Users\zyra\.p2\pool\plugins\org.eclipse.m2e.maven.runtime_3.9.900.20240824-1409\jars\maven-resolver-connector-basic-1.9.22.jar
2025-04-07 01:31:42,225 [Worker-36: Launching New_configuration (2)] INFO  o.eclipse.m2e.core.internal.Bundles - 	Entry: C:\Users\zyra\.p2\pool\plugins\org.eclipse.m2e.maven.runtime_3.9.900.20240824-1409\jars\maven-resolver-impl-1.9.22.jar
2025-04-07 01:31:42,225 [Worker-36: Launching New_configuration (2)] INFO  o.eclipse.m2e.core.internal.Bundles - 	Entry: C:\Users\zyra\.p2\pool\plugins\org.eclipse.m2e.maven.runtime_3.9.900.20240824-1409\jars\maven-resolver-named-locks-1.9.22.jar
2025-04-07 01:31:42,225 [Worker-36: Launching New_configuration (2)] INFO  o.eclipse.m2e.core.internal.Bundles - 	Entry: C:\Users\zyra\.p2\pool\plugins\org.eclipse.m2e.maven.runtime_3.9.900.20240824-1409\jars\maven-resolver-provider-3.9.9.jar
2025-04-07 01:31:42,225 [Worker-36: Launching New_configuration (2)] INFO  o.eclipse.m2e.core.internal.Bundles - 	Entry: C:\Users\zyra\.p2\pool\plugins\org.eclipse.m2e.maven.runtime_3.9.900.20240824-1409\jars\maven-resolver-spi-1.9.22.jar
2025-04-07 01:31:42,225 [Worker-36: Launching New_configuration (2)] INFO  o.eclipse.m2e.core.internal.Bundles - 	Entry: C:\Users\zyra\.p2\pool\plugins\org.eclipse.m2e.maven.runtime_3.9.900.20240824-1409\jars\maven-resolver-transport-file-1.9.22.jar
2025-04-07 01:31:42,225 [Worker-36: Launching New_configuration (2)] INFO  o.eclipse.m2e.core.internal.Bundles - 	Entry: C:\Users\zyra\.p2\pool\plugins\org.eclipse.m2e.maven.runtime_3.9.900.20240824-1409\jars\maven-resolver-transport-http-1.9.22.jar
2025-04-07 01:31:42,225 [Worker-36: Launching New_configuration (2)] INFO  o.eclipse.m2e.core.internal.Bundles - 	Entry: C:\Users\zyra\.p2\pool\plugins\org.eclipse.m2e.maven.runtime_3.9.900.20240824-1409\jars\maven-resolver-transport-wagon-1.9.22.jar
2025-04-07 01:31:42,225 [Worker-36: Launching New_configuration (2)] INFO  o.eclipse.m2e.core.internal.Bundles - 	Entry: C:\Users\zyra\.p2\pool\plugins\org.eclipse.m2e.maven.runtime_3.9.900.20240824-1409\jars\maven-resolver-util-1.9.22.jar
2025-04-07 01:31:42,225 [Worker-36: Launching New_configuration (2)] INFO  o.eclipse.m2e.core.internal.Bundles - 	Entry: C:\Users\zyra\.p2\pool\plugins\org.eclipse.m2e.maven.runtime_3.9.900.20240824-1409\jars\maven-settings-3.9.9.jar
2025-04-07 01:31:42,225 [Worker-36: Launching New_configuration (2)] INFO  o.eclipse.m2e.core.internal.Bundles - 	Entry: C:\Users\zyra\.p2\pool\plugins\org.eclipse.m2e.maven.runtime_3.9.900.20240824-1409\jars\maven-settings-builder-3.9.9.jar
2025-04-07 01:31:42,225 [Worker-36: Launching New_configuration (2)] INFO  o.eclipse.m2e.core.internal.Bundles - 	Entry: C:\Users\zyra\.p2\pool\plugins\org.eclipse.m2e.maven.runtime_3.9.900.20240824-1409\jars\maven-shared-utils-3.4.2.jar
2025-04-07 01:31:42,225 [Worker-36: Launching New_configuration (2)] INFO  o.eclipse.m2e.core.internal.Bundles - 	Entry: C:\Users\zyra\.p2\pool\plugins\org.eclipse.m2e.maven.runtime_3.9.900.20240824-1409\jars\org.eclipse.sisu.inject-0.9.0.M3.jar
2025-04-07 01:31:42,225 [Worker-36: Launching New_configuration (2)] INFO  o.eclipse.m2e.core.internal.Bundles - 	Entry: C:\Users\zyra\.p2\pool\plugins\org.eclipse.m2e.maven.runtime_3.9.900.20240824-1409\jars\org.eclipse.sisu.plexus-0.9.0.M3.jar
2025-04-07 01:31:42,225 [Worker-36: Launching New_configuration (2)] INFO  o.eclipse.m2e.core.internal.Bundles - 	Entry: C:\Users\zyra\.p2\pool\plugins\org.eclipse.m2e.maven.runtime_3.9.900.20240824-1409\jars\plexus-build-api-0.0.7.jar
2025-04-07 01:31:42,226 [Worker-36: Launching New_configuration (2)] INFO  o.eclipse.m2e.core.internal.Bundles - 	Entry: C:\Users\zyra\.p2\pool\plugins\org.eclipse.m2e.maven.runtime_3.9.900.20240824-1409\jars\plexus-build-api-1.2.0.jar
2025-04-07 01:31:42,226 [Worker-36: Launching New_configuration (2)] INFO  o.eclipse.m2e.core.internal.Bundles - 	Entry: C:\Users\zyra\.p2\pool\plugins\org.eclipse.m2e.maven.runtime_3.9.900.20240824-1409\jars\plexus-cipher-2.0.jar
2025-04-07 01:31:42,226 [Worker-36: Launching New_configuration (2)] INFO  o.eclipse.m2e.core.internal.Bundles - 	Entry: C:\Users\zyra\.p2\pool\plugins\org.eclipse.m2e.maven.runtime_3.9.900.20240824-1409\jars\plexus-classworlds-2.8.0.jar
2025-04-07 01:31:42,226 [Worker-36: Launching New_configuration (2)] INFO  o.eclipse.m2e.core.internal.Bundles - 	Entry: C:\Users\zyra\.p2\pool\plugins\org.eclipse.m2e.maven.runtime_3.9.900.20240824-1409\jars\plexus-component-annotations-2.1.0.jar
2025-04-07 01:31:42,226 [Worker-36: Launching New_configuration (2)] INFO  o.eclipse.m2e.core.internal.Bundles - 	Entry: C:\Users\zyra\.p2\pool\plugins\org.eclipse.m2e.maven.runtime_3.9.900.20240824-1409\jars\plexus-interpolation-1.27.jar
2025-04-07 01:31:42,226 [Worker-36: Launching New_configuration (2)] INFO  o.eclipse.m2e.core.internal.Bundles - 	Entry: C:\Users\zyra\.p2\pool\plugins\org.eclipse.m2e.maven.runtime_3.9.900.20240824-1409\jars\plexus-sec-dispatcher-2.0.jar
2025-04-07 01:31:42,226 [Worker-36: Launching New_configuration (2)] INFO  o.eclipse.m2e.core.internal.Bundles - 	Entry: C:\Users\zyra\.p2\pool\plugins\org.eclipse.m2e.maven.runtime_3.9.900.20240824-1409\jars\plexus-utils-3.5.1.jar
2025-04-07 01:31:42,226 [Worker-36: Launching New_configuration (2)] INFO  o.eclipse.m2e.core.internal.Bundles - 	Entry: C:\Users\zyra\.p2\pool\plugins\org.eclipse.m2e.maven.runtime_3.9.900.20240824-1409\jars\plexus-xml-3.0.1.jar
2025-04-07 01:31:42,226 [Worker-36: Launching New_configuration (2)] INFO  o.eclipse.m2e.core.internal.Bundles - 	Entry: C:\Users\zyra\.p2\pool\plugins\org.eclipse.m2e.maven.runtime_3.9.900.20240824-1409\jars\wagon-file-3.5.3.jar
2025-04-07 01:31:42,226 [Worker-36: Launching New_configuration (2)] INFO  o.eclipse.m2e.core.internal.Bundles - 	Entry: C:\Users\zyra\.p2\pool\plugins\org.eclipse.m2e.maven.runtime_3.9.900.20240824-1409\jars\wagon-http-3.5.3.jar
2025-04-07 01:31:42,226 [Worker-36: Launching New_configuration (2)] INFO  o.eclipse.m2e.core.internal.Bundles - 	Entry: C:\Users\zyra\.p2\pool\plugins\org.eclipse.m2e.maven.runtime_3.9.900.20240824-1409\jars\wagon-http-shared-3.5.3.jar
2025-04-07 01:31:42,226 [Worker-36: Launching New_configuration (2)] INFO  o.eclipse.m2e.core.internal.Bundles - 	Entry: C:\Users\zyra\.p2\pool\plugins\org.eclipse.m2e.maven.runtime_3.9.900.20240824-1409\jars\wagon-provider-api-3.5.3.jar
2025-04-07 01:31:42,229 [Worker-36: Launching New_configuration (2)] INFO  o.eclipse.m2e.core.internal.Bundles - getClasspathEntries(Bundle=com.google.guava_33.3.1.jre [10])
2025-04-07 01:31:42,229 [Worker-36: Launching New_configuration (2)] INFO  o.eclipse.m2e.core.internal.Bundles - 	Entry: C:\Users\zyra\.p2\pool\plugins\com.google.guava_33.3.1.jre.jar
2025-04-07 01:31:42,229 [Worker-36: Launching New_configuration (2)] INFO  o.eclipse.m2e.core.internal.Bundles - getClasspathEntries(Bundle=slf4j.api_2.0.16 [524])
2025-04-07 01:31:42,229 [Worker-36: Launching New_configuration (2)] INFO  o.eclipse.m2e.core.internal.Bundles - 	Entry: C:\Users\zyra\.p2\pool\plugins\slf4j.api_2.0.16.jar
2025-04-07 01:31:42,229 [Worker-36: Launching New_configuration (2)] INFO  o.eclipse.m2e.core.internal.Bundles - getClasspathEntries(Bundle=jakarta.inject.jakarta.inject-api_1.0.5 [22])
2025-04-07 01:31:42,230 [Worker-36: Launching New_configuration (2)] INFO  o.eclipse.m2e.core.internal.Bundles - 	Entry: C:\Users\zyra\.p2\pool\plugins\jakarta.inject.jakarta.inject-api_1.0.5.jar
2025-04-07 01:31:42,230 [Worker-36: Launching New_configuration (2)] INFO  o.eclipse.m2e.core.internal.Bundles - getClasspathEntries(Bundle=jakarta.annotation-api_1.3.5 [20])
2025-04-07 01:31:42,230 [Worker-36: Launching New_configuration (2)] INFO  o.eclipse.m2e.core.internal.Bundles - 	Entry: C:\Users\zyra\.p2\pool\plugins\jakarta.annotation-api_1.3.5.jar
2025-04-07 01:31:42,230 [Worker-36: Launching New_configuration (2)] INFO  o.eclipse.m2e.core.internal.Bundles - getClasspathEntries(Bundle=org.apache.commons.cli_1.9.0 [47])
2025-04-07 01:31:42,230 [Worker-36: Launching New_configuration (2)] INFO  o.eclipse.m2e.core.internal.Bundles - 	Entry: C:\Users\zyra\.p2\pool\plugins\org.apache.commons.cli_1.9.0.jar
2025-04-07 01:31:42,230 [Worker-36: Launching New_configuration (2)] INFO  o.eclipse.m2e.core.internal.Bundles - getClasspathEntries(Bundle=org.apache.commons.commons-codec_1.16.0 [50])
2025-04-07 01:31:42,230 [Worker-36: Launching New_configuration (2)] INFO  o.eclipse.m2e.core.internal.Bundles - 	Entry: C:\Users\zyra\.p2\pool\plugins\org.apache.commons.commons-codec_1.16.0.jar
2025-04-07 01:31:42,230 [Worker-36: Launching New_configuration (2)] INFO  o.eclipse.m2e.core.internal.Bundles - getClasspathEntries(Bundle=com.google.guava.failureaccess_1.0.2 [11])
2025-04-07 01:31:42,230 [Worker-36: Launching New_configuration (2)] INFO  o.eclipse.m2e.core.internal.Bundles - 	Entry: C:\Users\zyra\.p2\pool\plugins\com.google.guava.failureaccess_1.0.2.jar
2025-04-07 01:31:42,234 [Worker-36: Launching New_configuration (2)] INFO  o.e.m.i.launch.MavenLaunchDelegate - Run build in "C:\Users\zyra\OneDrive\SOURCE CODE\GuiTry\src\LBMS":
2025-04-07 01:31:42,235 [Worker-36: Launching New_configuration (2)] INFO  o.e.m.i.launch.MavenLaunchDelegate -  mvn  -B -Dstyle.color=always 
2025-04-07 06:10:28,165 [Worker-6: Loading available Gradle versions] INFO  o.e.b.c.i.u.g.PublishedGradleVersions - Gradle version information cache is up-to-date. Trying to read.
2025-04-07 08:13:37,781 [Worker-4: Loading available Gradle versions] INFO  o.e.b.c.i.u.g.PublishedGradleVersions - Gradle version information cache is up-to-date. Trying to read.
2025-04-07 16:34:15,475 [Worker-7: Loading available Gradle versions] INFO  o.e.b.c.i.u.g.PublishedGradleVersions - Gradle version information cache is up-to-date. Trying to read.
2025-04-15 21:07:57,682 [Worker-7: Loading available Gradle versions] INFO  o.e.b.c.i.u.g.PublishedGradleVersions - Gradle version information cache is out-of-date. Trying to update.
2025-04-25 10:19:11,702 [Worker-7: Loading available Gradle versions] INFO  o.e.b.c.i.u.g.PublishedGradleVersions - Gradle version information cache is out-of-date. Trying to update.
2025-04-25 10:38:09,279 [Worker-5: Loading available Gradle versions] INFO  o.e.b.c.i.u.g.PublishedGradleVersions - Gradle version information cache is up-to-date. Trying to read.
2025-04-25 11:04:12,868 [Worker-5: Loading available Gradle versions] INFO  o.e.b.c.i.u.g.PublishedGradleVersions - Gradle version information cache is up-to-date. Trying to read.
2025-04-25 13:05:21,353 [Worker-4: Loading available Gradle versions] INFO  o.e.b.c.i.u.g.PublishedGradleVersions - Gradle version information cache is up-to-date. Trying to read.
2025-04-25 13:24:17,591 [Worker-5: Loading available Gradle versions] INFO  o.e.b.c.i.u.g.PublishedGradleVersions - Gradle version information cache is up-to-date. Trying to read.
2025-04-25 14:12:46,377 [Worker-4: Loading available Gradle versions] INFO  o.e.b.c.i.u.g.PublishedGradleVersions - Gradle version information cache is up-to-date. Trying to read.
2025-04-27 23:35:34,990 [Worker-7: Loading available Gradle versions] INFO  o.e.b.c.i.u.g.PublishedGradleVersions - Gradle version information cache is out-of-date. Trying to update.
2025-04-27 23:45:38,294 [Worker-6: Loading available Gradle versions] INFO  o.e.b.c.i.u.g.PublishedGradleVersions - Gradle version information cache is up-to-date. Trying to read.
2025-04-28 00:13:44,695 [Worker-6: Loading available Gradle versions] INFO  o.e.b.c.i.u.g.PublishedGradleVersions - Gradle version information cache is up-to-date. Trying to read.
